2012/05/18 15:57:51 [notice] 15338#0: using the "epoll" event method
2012/05/18 15:57:51 [notice] 15338#0: nginx/1.2.0
2012/05/18 15:57:51 [notice] 15338#0: built by gcc 4.4.5 (Debian 4.4.5-8) 
2012/05/18 15:57:51 [notice] 15338#0: OS: Linux 2.6.32-bpo.4-amd64
2012/05/18 15:57:51 [notice] 15338#0: getrlimit(RLIMIT_NOFILE): 1024:1024
2012/05/18 15:57:51 [debug] 15339#0: *1 XX-check check []=[/] in zone URL
2012/05/18 15:57:51 [debug] 15339#0: *1 XX-checking rules ...
2012/05/18 15:57:51 [debug] 15339#0: *1 XX-rule 1000 (=/)
2012/05/18 15:57:51 [debug] 15339#0: *1 XX-test rulematch!1 []=[/] [rule=1000] (1 times)
2012/05/18 15:57:51 [debug] 15339#0: *1 XX-test rulematch!1 []=[/] [rule=1000] (0 times)
2012/05/18 15:57:51 [debug] 15339#0: *1 XX-rule 1001 (=/)
2012/05/18 15:57:51 [debug] 15339#0: *1 XX-test rulematch!1 []=[/] [rule=1001] (0 times)
2012/05/18 15:57:51 [debug] 15339#0: *1 XX-test rulematch!1 []=[/] [rule=1001] (0 times)
2012/05/18 15:57:51 [debug] 15339#0: *1 XX-rule 1002 (=/)
2012/05/18 15:57:51 [debug] 15339#0: *1 XX-test rulematch!1 []=[/] [rule=1002] (0 times)
2012/05/18 15:57:51 [debug] 15339#0: *1 XX-test rulematch!1 []=[/] [rule=1002] (0 times)
2012/05/18 15:57:51 [debug] 15339#0: *1 XX-rule 1003 (=/)
2012/05/18 15:57:51 [debug] 15339#0: *1 XX-test rulematch!1 []=[/] [rule=1003] (0 times)
2012/05/18 15:57:51 [debug] 15339#0: *1 XX-test rulematch!1 []=[/] [rule=1003] (0 times)
2012/05/18 15:57:51 [debug] 15339#0: *1 XX-rule 1004 (=/)
2012/05/18 15:57:51 [debug] 15339#0: *1 XX-test rulematch!1 []=[/] [rule=1004] (0 times)
2012/05/18 15:57:51 [debug] 15339#0: *1 XX-test rulematch!1 []=[/] [rule=1004] (0 times)
2012/05/18 15:57:51 [debug] 15339#0: *1 XX-rule 1005 (=/)
2012/05/18 15:57:51 [debug] 15339#0: *1 XX-test rulematch!1 []=[/] [rule=1005] (0 times)
2012/05/18 15:57:51 [debug] 15339#0: *1 XX-test rulematch!1 []=[/] [rule=1005] (0 times)
2012/05/18 15:57:51 [debug] 15339#0: *1 XX-rule 1006 (=/)
2012/05/18 15:57:51 [debug] 15339#0: *1 XX-test rulematch!1 []=[/] [rule=1006] (0 times)
2012/05/18 15:57:51 [debug] 15339#0: *1 XX-test rulematch!1 []=[/] [rule=1006] (0 times)
2012/05/18 15:57:51 [debug] 15339#0: *1 XX-rule 1007 (=/)
2012/05/18 15:57:51 [debug] 15339#0: *1 XX-test rulematch!1 []=[/] [rule=1007] (0 times)
2012/05/18 15:57:51 [debug] 15339#0: *1 XX-test rulematch!1 []=[/] [rule=1007] (0 times)
2012/05/18 15:57:51 [debug] 15339#0: *1 XX-rule 1008 (=/)
2012/05/18 15:57:51 [debug] 15339#0: *1 XX-test rulematch!1 []=[/] [rule=1008] (0 times)
2012/05/18 15:57:51 [debug] 15339#0: *1 XX-test rulematch!1 []=[/] [rule=1008] (0 times)
2012/05/18 15:57:51 [debug] 15339#0: *1 XX-rule 1010 (=/)
2012/05/18 15:57:51 [debug] 15339#0: *1 XX-test rulematch!1 []=[/] [rule=1010] (0 times)
2012/05/18 15:57:51 [debug] 15339#0: *1 XX-test rulematch!1 []=[/] [rule=1010] (0 times)
2012/05/18 15:57:51 [debug] 15339#0: *1 XX-rule 1011 (=/)
2012/05/18 15:57:51 [debug] 15339#0: *1 XX-test rulematch!1 []=[/] [rule=1011] (0 times)
2012/05/18 15:57:51 [debug] 15339#0: *1 XX-test rulematch!1 []=[/] [rule=1011] (0 times)
2012/05/18 15:57:51 [debug] 15339#0: *1 XX-rule 1013 (=/)
2012/05/18 15:57:51 [debug] 15339#0: *1 XX-test rulematch!1 []=[/] [rule=1013] (0 times)
2012/05/18 15:57:51 [debug] 15339#0: *1 XX-test rulematch!1 []=[/] [rule=1013] (0 times)
2012/05/18 15:57:51 [debug] 15339#0: *1 XX-rule 1014 (=/)
2012/05/18 15:57:51 [debug] 15339#0: *1 XX-test rulematch!1 []=[/] [rule=1014] (0 times)
2012/05/18 15:57:51 [debug] 15339#0: *1 XX-test rulematch!1 []=[/] [rule=1014] (0 times)
2012/05/18 15:57:51 [debug] 15339#0: *1 XX-rule 1015 (=/)
2012/05/18 15:57:51 [debug] 15339#0: *1 XX-test rulematch!1 []=[/] [rule=1015] (0 times)
2012/05/18 15:57:51 [debug] 15339#0: *1 XX-test rulematch!1 []=[/] [rule=1015] (0 times)
2012/05/18 15:57:51 [debug] 15339#0: *1 XX-rule 1016 (=/)
2012/05/18 15:57:51 [debug] 15339#0: *1 XX-test rulematch!1 []=[/] [rule=1016] (0 times)
2012/05/18 15:57:51 [debug] 15339#0: *1 XX-test rulematch!1 []=[/] [rule=1016] (0 times)
2012/05/18 15:57:51 [debug] 15339#0: *1 XX-rule 1200 (=/)
2012/05/18 15:57:51 [debug] 15339#0: *1 XX-test rulematch!1 []=[/] [rule=1200] (0 times)
2012/05/18 15:57:51 [debug] 15339#0: *1 XX-test rulematch!1 []=[/] [rule=1200] (0 times)
2012/05/18 15:57:51 [debug] 15339#0: *1 XX-rule 1202 (=/)
2012/05/18 15:57:51 [debug] 15339#0: *1 XX-test rulematch!1 []=[/] [rule=1202] (0 times)
2012/05/18 15:57:51 [debug] 15339#0: *1 XX-test rulematch!1 []=[/] [rule=1202] (0 times)
2012/05/18 15:57:51 [debug] 15339#0: *1 XX-rule 1203 (=/)
2012/05/18 15:57:51 [debug] 15339#0: *1 XX-test rulematch!1 []=[/] [rule=1203] (0 times)
2012/05/18 15:57:51 [debug] 15339#0: *1 XX-test rulematch!1 []=[/] [rule=1203] (0 times)
2012/05/18 15:57:51 [debug] 15339#0: *1 XX-rule 1204 (=/)
2012/05/18 15:57:51 [debug] 15339#0: *1 XX-test rulematch!1 []=[/] [rule=1204] (0 times)
2012/05/18 15:57:51 [debug] 15339#0: *1 XX-test rulematch!1 []=[/] [rule=1204] (0 times)
2012/05/18 15:57:51 [debug] 15339#0: *1 XX-rule 1205 (=/)
2012/05/18 15:57:51 [debug] 15339#0: *1 XX-test rulematch!1 []=[/] [rule=1205] (0 times)
2012/05/18 15:57:51 [debug] 15339#0: *1 XX-test rulematch!1 []=[/] [rule=1205] (0 times)
2012/05/18 15:57:51 [debug] 15339#0: *1 XX-rule 1302 (=/)
2012/05/18 15:57:51 [debug] 15339#0: *1 XX-test rulematch!1 []=[/] [rule=1302] (0 times)
2012/05/18 15:57:51 [debug] 15339#0: *1 XX-test rulematch!1 []=[/] [rule=1302] (0 times)
2012/05/18 15:57:51 [debug] 15339#0: *1 XX-rule 1303 (=/)
2012/05/18 15:57:51 [debug] 15339#0: *1 XX-test rulematch!1 []=[/] [rule=1303] (0 times)
2012/05/18 15:57:51 [debug] 15339#0: *1 XX-test rulematch!1 []=[/] [rule=1303] (0 times)
2012/05/18 15:57:51 [debug] 15339#0: *1 XX-rule 1306 (=/)
2012/05/18 15:57:51 [debug] 15339#0: *1 XX-test rulematch!1 []=[/] [rule=1306] (0 times)
2012/05/18 15:57:51 [debug] 15339#0: *1 XX-test rulematch!1 []=[/] [rule=1306] (0 times)
2012/05/18 15:57:51 [debug] 15339#0: *1 XX-rule 1307 (=/)
2012/05/18 15:57:51 [debug] 15339#0: *1 XX-test rulematch!1 []=[/] [rule=1307] (0 times)
2012/05/18 15:57:51 [debug] 15339#0: *1 XX-test rulematch!1 []=[/] [rule=1307] (0 times)
2012/05/18 15:57:51 [debug] 15339#0: *1 XX-rule 1308 (=/)
2012/05/18 15:57:51 [debug] 15339#0: *1 XX-test rulematch!1 []=[/] [rule=1308] (0 times)
2012/05/18 15:57:51 [debug] 15339#0: *1 XX-test rulematch!1 []=[/] [rule=1308] (0 times)
2012/05/18 15:57:51 [debug] 15339#0: *1 XX-rule 1309 (=/)
2012/05/18 15:57:51 [debug] 15339#0: *1 XX-test rulematch!1 []=[/] [rule=1309] (0 times)
2012/05/18 15:57:51 [debug] 15339#0: *1 XX-test rulematch!1 []=[/] [rule=1309] (0 times)
2012/05/18 15:57:51 [debug] 15339#0: *1 XX-rule 1310 (=/)
2012/05/18 15:57:51 [debug] 15339#0: *1 XX-test rulematch!1 []=[/] [rule=1310] (0 times)
2012/05/18 15:57:51 [debug] 15339#0: *1 XX-test rulematch!1 []=[/] [rule=1310] (0 times)
2012/05/18 15:57:51 [debug] 15339#0: *1 XX-rule 1311 (=/)
2012/05/18 15:57:51 [debug] 15339#0: *1 XX-test rulematch!1 []=[/] [rule=1311] (0 times)
2012/05/18 15:57:51 [debug] 15339#0: *1 XX-test rulematch!1 []=[/] [rule=1311] (0 times)
2012/05/18 15:57:51 [debug] 15339#0: *1 XX-rule 1312 (=/)
2012/05/18 15:57:51 [debug] 15339#0: *1 XX-test rulematch!1 []=[/] [rule=1312] (0 times)
2012/05/18 15:57:51 [debug] 15339#0: *1 XX-test rulematch!1 []=[/] [rule=1312] (0 times)
2012/05/18 15:57:51 [debug] 15339#0: *1 XX-rule 1313 (=/)
2012/05/18 15:57:51 [debug] 15339#0: *1 XX-test rulematch!1 []=[/] [rule=1313] (0 times)
2012/05/18 15:57:51 [debug] 15339#0: *1 XX-test rulematch!1 []=[/] [rule=1313] (0 times)
2012/05/18 15:57:51 [debug] 15339#0: *1 XX-rule 1314 (=/)
2012/05/18 15:57:51 [debug] 15339#0: *1 XX-test rulematch!1 []=[/] [rule=1314] (0 times)
2012/05/18 15:57:51 [debug] 15339#0: *1 XX-test rulematch!1 []=[/] [rule=1314] (0 times)
2012/05/18 15:57:51 [debug] 15339#0: *1 XX-rule 1315 (=/)
2012/05/18 15:57:51 [debug] 15339#0: *1 XX-test rulematch!1 []=[/] [rule=1315] (0 times)
2012/05/18 15:57:51 [debug] 15339#0: *1 XX-test rulematch!1 []=[/] [rule=1315] (0 times)
2012/05/18 15:57:51 [debug] 15339#0: *1 XX-rule 1400 (=/)
2012/05/18 15:57:51 [debug] 15339#0: *1 XX-test rulematch!1 []=[/] [rule=1400] (0 times)
2012/05/18 15:57:51 [debug] 15339#0: *1 XX-test rulematch!1 []=[/] [rule=1400] (0 times)
2012/05/18 15:57:51 [debug] 15339#0: *1 XX-rule 1401 (=/)
2012/05/18 15:57:51 [debug] 15339#0: *1 XX-test rulematch!1 []=[/] [rule=1401] (0 times)
2012/05/18 15:57:51 [debug] 15339#0: *1 XX-test rulematch!1 []=[/] [rule=1401] (0 times)
2012/05/18 15:57:51 [debug] 15339#0: *1 XX-check check [a]=[SELECT+*+FROM+users+WHERE+id+LIKE+1] in zone ARGS
2012/05/18 15:57:51 [debug] 15339#0: *1 XX-checking rules ...
2012/05/18 15:57:51 [debug] 15339#0: *1 XX-rule 1000 (a=SELECT+*+FROM+users+WHERE+id+LIKE+1)
2012/05/18 15:57:51 [debug] 15339#0: *1 XX-test rulematch!1 [a]=[SELECT+*+FROM+users+WHERE+id+LIKE+1] [rule=1000] (7083400 times)
2012/05/18 15:57:51 [debug] 15339#0: *1 XX-apply rulematch!1 [a]=[SELECT+*+FROM+users+WHERE+id+LIKE+1] [rule=1000] (2 times)
2012/05/18 15:57:51 [debug] 15339#0: *1 Rule applies 1 custom scores
2012/05/18 15:57:51 [debug] 15339#0: *1 Special Score ($SQL)  next=8
2012/05/18 15:57:51 [debug] 15339#0: *1 XX-test rulematch!1 [a]=[SELECT+*+FROM+users+WHERE+id+LIKE+1] [rule=1000] (2 times)
2012/05/18 15:57:51 [error] 15339#0: *1 NAXSI_FMT: ip=127.0.0.1&server=&uri=/&total_processed=1&total_blocked=1&zone0=ARGS&id0=1000&var_name0=a, client: 127.0.0.1, server: localhost, request: "GET /?a=SELECT+*+FROM+users+WHERE+id+LIKE+1 HTTP/1.0"
2012/05/18 15:57:51 [debug] 15339#0: *2 XX-check check []=[/] in zone URL
2012/05/18 15:57:51 [debug] 15339#0: *2 XX-checking rules ...
2012/05/18 15:57:51 [debug] 15339#0: *2 XX-rule 1000 (=/)
2012/05/18 15:57:51 [debug] 15339#0: *2 XX-test rulematch!1 []=[/] [rule=1000] (0 times)
2012/05/18 15:57:51 [debug] 15339#0: *2 XX-test rulematch!1 []=[/] [rule=1000] (0 times)
2012/05/18 15:57:51 [debug] 15339#0: *2 XX-rule 1001 (=/)
2012/05/18 15:57:51 [debug] 15339#0: *2 XX-test rulematch!1 []=[/] [rule=1001] (0 times)
2012/05/18 15:57:51 [debug] 15339#0: *2 XX-test rulematch!1 []=[/] [rule=1001] (0 times)
2012/05/18 15:57:51 [debug] 15339#0: *2 XX-rule 1002 (=/)
2012/05/18 15:57:51 [debug] 15339#0: *2 XX-test rulematch!1 []=[/] [rule=1002] (0 times)
2012/05/18 15:57:51 [debug] 15339#0: *2 XX-test rulematch!1 []=[/] [rule=1002] (0 times)
2012/05/18 15:57:51 [debug] 15339#0: *2 XX-rule 1003 (=/)
2012/05/18 15:57:51 [debug] 15339#0: *2 XX-test rulematch!1 []=[/] [rule=1003] (0 times)
2012/05/18 15:57:51 [debug] 15339#0: *2 XX-test rulematch!1 []=[/] [rule=1003] (0 times)
2012/05/18 15:57:51 [debug] 15339#0: *2 XX-rule 1004 (=/)
2012/05/18 15:57:51 [debug] 15339#0: *2 XX-test rulematch!1 []=[/] [rule=1004] (0 times)
2012/05/18 15:57:51 [debug] 15339#0: *2 XX-test rulematch!1 []=[/] [rule=1004] (0 times)
2012/05/18 15:57:51 [debug] 15339#0: *2 XX-rule 1005 (=/)
2012/05/18 15:57:51 [debug] 15339#0: *2 XX-test rulematch!1 []=[/] [rule=1005] (0 times)
2012/05/18 15:57:51 [debug] 15339#0: *2 XX-test rulematch!1 []=[/] [rule=1005] (0 times)
2012/05/18 15:57:51 [debug] 15339#0: *2 XX-rule 1006 (=/)
2012/05/18 15:57:51 [debug] 15339#0: *2 XX-test rulematch!1 []=[/] [rule=1006] (0 times)
2012/05/18 15:57:51 [debug] 15339#0: *2 XX-test rulematch!1 []=[/] [rule=1006] (0 times)
2012/05/18 15:57:51 [debug] 15339#0: *2 XX-rule 1007 (=/)
2012/05/18 15:57:51 [debug] 15339#0: *2 XX-test rulematch!1 []=[/] [rule=1007] (0 times)
2012/05/18 15:57:51 [debug] 15339#0: *2 XX-test rulematch!1 []=[/] [rule=1007] (0 times)
2012/05/18 15:57:51 [debug] 15339#0: *2 XX-rule 1008 (=/)
2012/05/18 15:57:51 [debug] 15339#0: *2 XX-test rulematch!1 []=[/] [rule=1008] (0 times)
2012/05/18 15:57:51 [debug] 15339#0: *2 XX-test rulematch!1 []=[/] [rule=1008] (0 times)
2012/05/18 15:57:51 [debug] 15339#0: *2 XX-rule 1010 (=/)
2012/05/18 15:57:51 [debug] 15339#0: *2 XX-test rulematch!1 []=[/] [rule=1010] (0 times)
2012/05/18 15:57:51 [debug] 15339#0: *2 XX-test rulematch!1 []=[/] [rule=1010] (0 times)
2012/05/18 15:57:51 [debug] 15339#0: *2 XX-rule 1011 (=/)
2012/05/18 15:57:51 [debug] 15339#0: *2 XX-test rulematch!1 []=[/] [rule=1011] (0 times)
2012/05/18 15:57:51 [debug] 15339#0: *2 XX-test rulematch!1 []=[/] [rule=1011] (0 times)
2012/05/18 15:57:51 [debug] 15339#0: *2 XX-rule 1013 (=/)
2012/05/18 15:57:51 [debug] 15339#0: *2 XX-test rulematch!1 []=[/] [rule=1013] (0 times)
2012/05/18 15:57:51 [debug] 15339#0: *2 XX-test rulematch!1 []=[/] [rule=1013] (0 times)
2012/05/18 15:57:51 [debug] 15339#0: *2 XX-rule 1014 (=/)
2012/05/18 15:57:51 [debug] 15339#0: *2 XX-test rulematch!1 []=[/] [rule=1014] (0 times)
2012/05/18 15:57:51 [debug] 15339#0: *2 XX-test rulematch!1 []=[/] [rule=1014] (0 times)
2012/05/18 15:57:51 [debug] 15339#0: *2 XX-rule 1015 (=/)
2012/05/18 15:57:51 [debug] 15339#0: *2 XX-test rulematch!1 []=[/] [rule=1015] (0 times)
2012/05/18 15:57:51 [debug] 15339#0: *2 XX-test rulematch!1 []=[/] [rule=1015] (0 times)
2012/05/18 15:57:51 [debug] 15339#0: *2 XX-rule 1016 (=/)
2012/05/18 15:57:51 [debug] 15339#0: *2 XX-test rulematch!1 []=[/] [rule=1016] (0 times)
2012/05/18 15:57:51 [debug] 15339#0: *2 XX-test rulematch!1 []=[/] [rule=1016] (0 times)
2012/05/18 15:57:51 [debug] 15339#0: *2 XX-rule 1200 (=/)
2012/05/18 15:57:51 [debug] 15339#0: *2 XX-test rulematch!1 []=[/] [rule=1200] (0 times)
2012/05/18 15:57:51 [debug] 15339#0: *2 XX-test rulematch!1 []=[/] [rule=1200] (0 times)
2012/05/18 15:57:51 [debug] 15339#0: *2 XX-rule 1202 (=/)
2012/05/18 15:57:51 [debug] 15339#0: *2 XX-test rulematch!1 []=[/] [rule=1202] (0 times)
2012/05/18 15:57:51 [debug] 15339#0: *2 XX-test rulematch!1 []=[/] [rule=1202] (0 times)
2012/05/18 15:57:51 [debug] 15339#0: *2 XX-rule 1203 (=/)
2012/05/18 15:57:51 [debug] 15339#0: *2 XX-test rulematch!1 []=[/] [rule=1203] (0 times)
2012/05/18 15:57:51 [debug] 15339#0: *2 XX-test rulematch!1 []=[/] [rule=1203] (0 times)
2012/05/18 15:57:51 [debug] 15339#0: *2 XX-rule 1204 (=/)
2012/05/18 15:57:51 [debug] 15339#0: *2 XX-test rulematch!1 []=[/] [rule=1204] (0 times)
2012/05/18 15:57:51 [debug] 15339#0: *2 XX-test rulematch!1 []=[/] [rule=1204] (0 times)
2012/05/18 15:57:51 [debug] 15339#0: *2 XX-rule 1205 (=/)
2012/05/18 15:57:51 [debug] 15339#0: *2 XX-test rulematch!1 []=[/] [rule=1205] (0 times)
2012/05/18 15:57:51 [debug] 15339#0: *2 XX-test rulematch!1 []=[/] [rule=1205] (0 times)
2012/05/18 15:57:51 [debug] 15339#0: *2 XX-rule 1302 (=/)
2012/05/18 15:57:51 [debug] 15339#0: *2 XX-test rulematch!1 []=[/] [rule=1302] (0 times)
2012/05/18 15:57:51 [debug] 15339#0: *2 XX-test rulematch!1 []=[/] [rule=1302] (0 times)
2012/05/18 15:57:51 [debug] 15339#0: *2 XX-rule 1303 (=/)
2012/05/18 15:57:51 [debug] 15339#0: *2 XX-test rulematch!1 []=[/] [rule=1303] (0 times)
2012/05/18 15:57:51 [debug] 15339#0: *2 XX-test rulematch!1 []=[/] [rule=1303] (0 times)
2012/05/18 15:57:51 [debug] 15339#0: *2 XX-rule 1306 (=/)
2012/05/18 15:57:51 [debug] 15339#0: *2 XX-test rulematch!1 []=[/] [rule=1306] (0 times)
2012/05/18 15:57:51 [debug] 15339#0: *2 XX-test rulematch!1 []=[/] [rule=1306] (0 times)
2012/05/18 15:57:51 [debug] 15339#0: *2 XX-rule 1307 (=/)
2012/05/18 15:57:51 [debug] 15339#0: *2 XX-test rulematch!1 []=[/] [rule=1307] (0 times)
2012/05/18 15:57:51 [debug] 15339#0: *2 XX-test rulematch!1 []=[/] [rule=1307] (0 times)
2012/05/18 15:57:51 [debug] 15339#0: *2 XX-rule 1308 (=/)
2012/05/18 15:57:51 [debug] 15339#0: *2 XX-test rulematch!1 []=[/] [rule=1308] (0 times)
2012/05/18 15:57:51 [debug] 15339#0: *2 XX-test rulematch!1 []=[/] [rule=1308] (0 times)
2012/05/18 15:57:51 [debug] 15339#0: *2 XX-rule 1309 (=/)
2012/05/18 15:57:51 [debug] 15339#0: *2 XX-test rulematch!1 []=[/] [rule=1309] (0 times)
2012/05/18 15:57:51 [debug] 15339#0: *2 XX-test rulematch!1 []=[/] [rule=1309] (0 times)
2012/05/18 15:57:51 [debug] 15339#0: *2 XX-rule 1310 (=/)
2012/05/18 15:57:51 [debug] 15339#0: *2 XX-test rulematch!1 []=[/] [rule=1310] (0 times)
2012/05/18 15:57:51 [debug] 15339#0: *2 XX-test rulematch!1 []=[/] [rule=1310] (0 times)
2012/05/18 15:57:51 [debug] 15339#0: *2 XX-rule 1311 (=/)
2012/05/18 15:57:51 [debug] 15339#0: *2 XX-test rulematch!1 []=[/] [rule=1311] (0 times)
2012/05/18 15:57:51 [debug] 15339#0: *2 XX-test rulematch!1 []=[/] [rule=1311] (0 times)
2012/05/18 15:57:51 [debug] 15339#0: *2 XX-rule 1312 (=/)
2012/05/18 15:57:51 [debug] 15339#0: *2 XX-test rulematch!1 []=[/] [rule=1312] (0 times)
2012/05/18 15:57:51 [debug] 15339#0: *2 XX-test rulematch!1 []=[/] [rule=1312] (0 times)
2012/05/18 15:57:51 [debug] 15339#0: *2 XX-rule 1313 (=/)
2012/05/18 15:57:51 [debug] 15339#0: *2 XX-test rulematch!1 []=[/] [rule=1313] (0 times)
2012/05/18 15:57:51 [debug] 15339#0: *2 XX-test rulematch!1 []=[/] [rule=1313] (0 times)
2012/05/18 15:57:51 [debug] 15339#0: *2 XX-rule 1314 (=/)
2012/05/18 15:57:51 [debug] 15339#0: *2 XX-test rulematch!1 []=[/] [rule=1314] (0 times)
2012/05/18 15:57:51 [debug] 15339#0: *2 XX-test rulematch!1 []=[/] [rule=1314] (0 times)
2012/05/18 15:57:51 [debug] 15339#0: *2 XX-rule 1315 (=/)
2012/05/18 15:57:51 [debug] 15339#0: *2 XX-test rulematch!1 []=[/] [rule=1315] (0 times)
2012/05/18 15:57:51 [debug] 15339#0: *2 XX-test rulematch!1 []=[/] [rule=1315] (0 times)
2012/05/18 15:57:51 [debug] 15339#0: *2 XX-rule 1400 (=/)
2012/05/18 15:57:51 [debug] 15339#0: *2 XX-test rulematch!1 []=[/] [rule=1400] (0 times)
2012/05/18 15:57:51 [debug] 15339#0: *2 XX-test rulematch!1 []=[/] [rule=1400] (0 times)
2012/05/18 15:57:51 [debug] 15339#0: *2 XX-rule 1401 (=/)
2012/05/18 15:57:51 [debug] 15339#0: *2 XX-test rulematch!1 []=[/] [rule=1401] (0 times)
2012/05/18 15:57:51 [debug] 15339#0: *2 XX-test rulematch!1 []=[/] [rule=1401] (0 times)
2012/05/18 15:57:51 [debug] 15339#0: *2 XX-check check [a]=[SELECT+*+FROM+users+WHERE+id+LIKE+1] in zone ARGS
2012/05/18 15:57:51 [debug] 15339#0: *2 XX-checking rules ...
2012/05/18 15:57:51 [debug] 15339#0: *2 XX-rule 1000 (a=SELECT+*+FROM+users+WHERE+id+LIKE+1)
2012/05/18 15:57:51 [debug] 15339#0: *2 XX-test rulematch!1 [a]=[SELECT+*+FROM+users+WHERE+id+LIKE+1] [rule=1000] (7083400 times)
2012/05/18 15:57:51 [debug] 15339#0: *2 XX-apply rulematch!1 [a]=[SELECT+*+FROM+users+WHERE+id+LIKE+1] [rule=1000] (2 times)
2012/05/18 15:57:51 [debug] 15339#0: *2 Rule applies 1 custom scores
2012/05/18 15:57:51 [debug] 15339#0: *2 Special Score ($SQL)  next=8
2012/05/18 15:57:51 [debug] 15339#0: *2 XX-test rulematch!1 [a]=[SELECT+*+FROM+users+WHERE+id+LIKE+1] [rule=1000] (2 times)
2012/05/18 15:57:51 [error] 15339#0: *2 NAXSI_FMT: ip=127.0.0.1&server=&uri=/&total_processed=2&total_blocked=2&zone0=ARGS&id0=1000&var_name0=a, client: 127.0.0.1, server: localhost, request: "GET /?a=SELECT+*+FROM+users+WHERE+id+LIKE+1 HTTP/1.0"
2012/05/18 15:57:51 [notice] 15339#0: signal 3 (SIGQUIT) received, shutting down
2012/05/18 15:57:51 [info] 15339#0: epoll_wait() failed (4: Interrupted system call)
2012/05/18 15:57:51 [notice] 15339#0: exit
